1228 10:01:12.924 [localhost-startStop-1] INFO  commLogger - >>>>>>>GM2FE  net init
1228 10:01:14.061 [localhost-startStop-1] INFO  commLogger - > GMS2FE CONNECT=[id: 0x3f356ad7]
1228 10:01:14.102 [localhost-startStop-1] INFO  commLogger - > GMS2FE SHAKE HAND=[id: 0x3f356ad7]
1228 10:01:14.102 [localhost-startStop-1] INFO  commLogger - >>>>>> GMS2FE start!
1228 10:01:16.015 [pool-1-thread-1] INFO  commLogger - > GMS2FE CONNECT=[id: 0x4edff01c]
1228 10:01:16.016 [pool-1-thread-1] INFO  commLogger - > GMS2FE SHAKE HAND=[id: 0x4edff01c]
1228 10:01:21.003 [pool-1-thread-1] INFO  commLogger - > GMS2FE CONNECT=[id: 0x401807b7]
1228 10:01:21.004 [pool-1-thread-1] INFO  commLogger - > GMS2FE SHAKE HAND=[id: 0x401807b7]
1228 10:01:26.003 [pool-1-thread-1] INFO  commLogger - > GMS2FE CONNECT=[id: 0x44279b6c]
1228 10:01:26.004 [pool-1-thread-1] INFO  commLogger - > GMS2FE SHAKE HAND=[id: 0x44279b6c]
1228 10:01:31.003 [pool-1-thread-1] INFO  commLogger - > GMS2FE CONNECT=[id: 0x01250d8c]
1228 10:01:31.004 [pool-1-thread-1] INFO  commLogger - > GMS2FE SHAKE HAND=[id: 0x01250d8c]
1228 10:01:36.002 [pool-1-thread-1] INFO  commLogger - > GMS2FE CONNECT=[id: 0x30cb52a4]
1228 10:01:36.002 [pool-1-thread-1] INFO  commLogger - > GMS2FE SHAKE HAND=[id: 0x30cb52a4]
1228 10:01:41.005 [pool-1-thread-1] INFO  commLogger - > GMS2FE CONNECT=[id: 0x30eeceb5]
1228 10:01:41.005 [pool-1-thread-1] INFO  commLogger - > GMS2FE SHAKE HAND=[id: 0x30eeceb5]
1228 10:01:46.003 [pool-1-thread-1] INFO  commLogger - > GMS2FE CONNECT=[id: 0x48eacf3f]
1228 10:01:46.004 [pool-1-thread-1] INFO  commLogger - > GMS2FE SHAKE HAND=[id: 0x48eacf3f]
1228 10:01:51.002 [pool-1-thread-1] INFO  commLogger - > GMS2FE CONNECT=[id: 0x610af2c3]
1228 10:01:51.003 [pool-1-thread-1] INFO  commLogger - > GMS2FE SHAKE HAND=[id: 0x610af2c3]
1228 10:01:56.005 [pool-1-thread-1] INFO  commLogger - > GMS2FE CONNECT=[id: 0x0b3ed234]
1228 10:01:56.005 [pool-1-thread-1] INFO  commLogger - > GMS2FE SHAKE HAND=[id: 0x0b3ed234]
1228 10:02:01.003 [pool-1-thread-1] INFO  commLogger - > GMS2FE CONNECT=[id: 0x4de32e80]
1228 10:02:01.003 [pool-1-thread-1] INFO  commLogger - > GMS2FE SHAKE HAND=[id: 0x4de32e80]
