0219 09:58:00.158 [localhost-startStop-1] INFO  mainLogger - ***********  开始初始化【DB】 ******************
0219 09:58:00.205 [localhost-startStop-1] INFO  mainLogger - >>>>> GM DB GM用户模块 初始启动完成 URL=GMAccount.xml
0219 09:58:00.206 [localhost-startStop-1] INFO  mainLogger - >>>>> GM DB GM操作日志模块 初始启动完成 URL=${webapp.root}/db/GSServer/GS_GSName/GMOperationLog/ Fri Feb 19 09:58:00 CST 2016
0219 09:58:00.214 [localhost-startStop-1] INFO  mainLogger - >>>>> GM DB GS聊天模块 初始启动完成 URL=${webapp.root}/db/GSServer/GS_GSName/GSChatLog/
0219 09:58:00.216 [localhost-startStop-1] INFO  mainLogger - >>>>> GM DB GS状态模块 初始启动完成
0219 09:58:00.217 [localhost-startStop-1] INFO  mainLogger - >>>>> GM DB GS公告模块 初始启动完成
0219 09:58:00.219 [localhost-startStop-1] INFO  mainLogger - >>>>> GM DB GS邮件模块 初始启动完成
0219 09:58:00.226 [localhost-startStop-1] INFO  mainLogger - >>>>> GM DB GS禁呼模块 初始启动完成 URL=ForbidCallGM.xml
0219 09:58:00.226 [localhost-startStop-1] INFO  mainLogger - >>>>> GM DB GM统计日志模块 初始启动完成 
0219 10:15:21.852 [http-apr-82-exec-4] INFO  mainLogger - ----------------------------------login filter allowed~
0219 10:15:21.954 [http-apr-82-exec-5] INFO  mainLogger - ----------------------------------login filter allowed~
0219 10:15:21.962 [http-apr-82-exec-6] INFO  mainLogger - ----------------------------------login filter allowed~
0219 10:23:42.139 [http-apr-82-exec-1] INFO  mainLogger - ----------------------------------login filter allowed~
0219 10:23:42.151 [http-apr-82-exec-2] INFO  mainLogger - ----------------------------------login filter allowed~
0219 10:23:42.157 [http-apr-82-exec-3] INFO  mainLogger - ----------------------------------login filter allowed~
0219 10:23:56.935 [http-apr-82-exec-7] INFO  mainLogger - ----------------------------------login filter allowed~
0219 10:23:56.945 [http-apr-82-exec-8] INFO  mainLogger - ----------------------------------login filter allowed~
0219 10:23:56.946 [http-apr-82-exec-9] INFO  mainLogger - ----------------------------------login filter allowed~
0219 10:24:26.555 [http-apr-82-exec-4] INFO  mainLogger - ----------------------------------login filter allowed~
0219 10:24:26.573 [http-apr-82-exec-6] INFO  mainLogger - ----------------------------------login filter allowed~
0219 10:24:26.573 [http-apr-82-exec-5] INFO  mainLogger - ----------------------------------login filter allowed~
0219 10:43:19.231 [http-apr-82-exec-2] INFO  mainLogger - ----------------------------------login filter allowed~
0219 10:43:19.258 [http-apr-82-exec-3] INFO  mainLogger - ----------------------------------login filter allowed~
0219 10:43:19.258 [http-apr-82-exec-4] INFO  mainLogger - ----------------------------------login filter allowed~
0219 10:43:25.104 [http-apr-82-exec-7] INFO  mainLogger - ----------------------------------login filter allowed~
0219 10:43:25.112 [http-apr-82-exec-9] INFO  mainLogger - ----------------------------------login filter allowed~
0219 10:43:25.113 [http-apr-82-exec-8] INFO  mainLogger - ----------------------------------login filter allowed~
0219 10:44:02.629 [ContainerBackgroundProcessor[StandardEngine[Catalina]]] INFO  mainLogger - ***********  开始初始化【DB】 ******************
0219 10:44:02.640 [ContainerBackgroundProcessor[StandardEngine[Catalina]]] INFO  mainLogger - >>>>> GM DB GM用户模块 初始启动完成 URL=GMAccount.xml
0219 10:44:02.641 [ContainerBackgroundProcessor[StandardEngine[Catalina]]] INFO  mainLogger - >>>>> GM DB GM操作日志模块 初始启动完成 URL=${webapp.root}/db/GSServer/GS_GSName/GMOperationLog/ Fri Feb 19 10:44:02 CST 2016
0219 10:44:02.648 [ContainerBackgroundProcessor[StandardEngine[Catalina]]] INFO  mainLogger - >>>>> GM DB GS聊天模块 初始启动完成 URL=${webapp.root}/db/GSServer/GS_GSName/GSChatLog/
0219 10:44:02.650 [ContainerBackgroundProcessor[StandardEngine[Catalina]]] INFO  mainLogger - >>>>> GM DB GS状态模块 初始启动完成
0219 10:44:02.651 [ContainerBackgroundProcessor[StandardEngine[Catalina]]] INFO  mainLogger - >>>>> GM DB GS公告模块 初始启动完成
0219 10:44:02.653 [ContainerBackgroundProcessor[StandardEngine[Catalina]]] INFO  mainLogger - >>>>> GM DB GS邮件模块 初始启动完成
0219 10:44:02.665 [ContainerBackgroundProcessor[StandardEngine[Catalina]]] INFO  mainLogger - >>>>> GM DB GS禁呼模块 初始启动完成 URL=ForbidCallGM.xml
0219 10:44:02.667 [ContainerBackgroundProcessor[StandardEngine[Catalina]]] INFO  mainLogger - >>>>> GM DB GM统计日志模块 初始启动完成 
0219 12:00:11.360 [http-apr-82-exec-19] INFO  mainLogger - ----------------------------------login filter allowed~
0219 12:00:11.360 [http-apr-82-exec-18] INFO  mainLogger - ----------------------------------login filter allowed~
0219 14:45:27.244 [http-apr-82-exec-11] INFO  mainLogger - ----------------------------------login filter allowed~
0219 14:45:27.266 [http-apr-82-exec-14] INFO  mainLogger - ----------------------------------login filter allowed~
0219 14:48:28.944 [localhost-startStop-1] INFO  mainLogger - ***********  开始初始化【DB】 ******************
0219 14:48:29.025 [localhost-startStop-1] INFO  mainLogger - >>>>> GM DB GM用户模块 初始启动完成 URL=GMAccount.xml
0219 14:48:29.025 [localhost-startStop-1] INFO  mainLogger - >>>>> GM DB GM操作日志模块 初始启动完成 URL=${webapp.root}/db/GSServer/GS_GSName/GMOperationLog/ Fri Feb 19 14:48:29 CST 2016
0219 14:48:29.032 [localhost-startStop-1] INFO  mainLogger - >>>>> GM DB GS聊天模块 初始启动完成 URL=${webapp.root}/db/GSServer/GS_GSName/GSChatLog/
0219 14:48:29.033 [localhost-startStop-1] INFO  mainLogger - >>>>> GM DB GS状态模块 初始启动完成
0219 14:48:29.033 [localhost-startStop-1] INFO  mainLogger - >>>>> GM DB GS公告模块 初始启动完成
0219 14:48:29.033 [localhost-startStop-1] INFO  mainLogger - >>>>> GM DB GS邮件模块 初始启动完成
0219 14:48:29.038 [localhost-startStop-1] INFO  mainLogger - >>>>> GM DB GS禁呼模块 初始启动完成 URL=ForbidCallGM.xml
0219 14:48:29.039 [localhost-startStop-1] INFO  mainLogger - >>>>> GM DB GM统计日志模块 初始启动完成 
0219 14:51:22.008 [http-apr-82-exec-8] INFO  mainLogger - ----------------------------------login filter allowed~
0219 14:51:22.067 [http-apr-82-exec-9] INFO  mainLogger - ----------------------------------login filter allowed~
0219 14:51:22.073 [http-apr-82-exec-10] INFO  mainLogger - ----------------------------------login filter allowed~
0219 14:53:02.781 [http-apr-82-exec-6] INFO  mainLogger - ----------------------------------login filter allowed~
0219 14:53:02.813 [http-apr-82-exec-7] INFO  mainLogger - ----------------------------------login filter allowed~
0219 14:53:02.814 [http-apr-82-exec-8] INFO  mainLogger - ----------------------------------login filter allowed~
0219 14:56:11.293 [http-apr-82-exec-3] INFO  mainLogger - ----------------------------------login filter allowed~
0219 14:56:30.573 [http-apr-82-exec-5] INFO  mainLogger - ----------------------------------login filter allowed~
0219 14:57:49.660 [http-apr-82-exec-8] INFO  mainLogger - ----------------------------------login filter allowed~
0219 16:40:29.349 [localhost-startStop-1] INFO  mainLogger - ***********  开始初始化【DB】 ******************
0219 16:40:29.367 [localhost-startStop-1] INFO  mainLogger - >>>>> GM DB GM用户模块 初始启动完成 URL=GMAccount.xml
0219 16:40:29.368 [localhost-startStop-1] INFO  mainLogger - >>>>> GM DB GM操作日志模块 初始启动完成 URL=${webapp.root}/db/GSServer/GS_GSName/GMOperationLog/ Fri Feb 19 16:40:29 CST 2016
0219 16:40:29.375 [localhost-startStop-1] INFO  mainLogger - >>>>> GM DB GS聊天模块 初始启动完成 URL=${webapp.root}/db/GSServer/GS_GSName/GSChatLog/
0219 16:40:29.375 [localhost-startStop-1] INFO  mainLogger - >>>>> GM DB GS状态模块 初始启动完成
0219 16:40:29.375 [localhost-startStop-1] INFO  mainLogger - >>>>> GM DB GS公告模块 初始启动完成
0219 16:40:29.376 [localhost-startStop-1] INFO  mainLogger - >>>>> GM DB GS邮件模块 初始启动完成
0219 16:40:29.384 [localhost-startStop-1] INFO  mainLogger - >>>>> GM DB GS禁呼模块 初始启动完成 URL=ForbidCallGM.xml
0219 16:40:29.384 [localhost-startStop-1] INFO  mainLogger - >>>>> GM DB GM统计日志模块 初始启动完成 
0219 16:41:41.006 [http-apr-82-exec-5] INFO  mainLogger - ----------------------------------login filter allowed~
0219 16:41:41.934 [http-apr-82-exec-7] INFO  mainLogger - ----------------------------------login filter allowed~
0219 16:41:43.207 [http-apr-82-exec-8] INFO  mainLogger - ----------------------------------login filter allowed~
0219 16:43:45.394 [ContainerBackgroundProcessor[StandardEngine[Catalina]]] INFO  mainLogger - ***********  开始初始化【DB】 ******************
0219 16:43:45.402 [ContainerBackgroundProcessor[StandardEngine[Catalina]]] INFO  mainLogger - >>>>> GM DB GM用户模块 初始启动完成 URL=GMAccount.xml
0219 16:43:45.402 [ContainerBackgroundProcessor[StandardEngine[Catalina]]] INFO  mainLogger - >>>>> GM DB GM操作日志模块 初始启动完成 URL=${webapp.root}/db/GSServer/GS_GSName/GMOperationLog/ Fri Feb 19 16:43:45 CST 2016
0219 16:43:45.405 [ContainerBackgroundProcessor[StandardEngine[Catalina]]] INFO  mainLogger - >>>>> GM DB GS聊天模块 初始启动完成 URL=${webapp.root}/db/GSServer/GS_GSName/GSChatLog/
0219 16:43:45.406 [ContainerBackgroundProcessor[StandardEngine[Catalina]]] INFO  mainLogger - >>>>> GM DB GS状态模块 初始启动完成
0219 16:43:45.406 [ContainerBackgroundProcessor[StandardEngine[Catalina]]] INFO  mainLogger - >>>>> GM DB GS公告模块 初始启动完成
0219 16:43:45.406 [ContainerBackgroundProcessor[StandardEngine[Catalina]]] INFO  mainLogger - >>>>> GM DB GS邮件模块 初始启动完成
0219 16:43:45.409 [ContainerBackgroundProcessor[StandardEngine[Catalina]]] INFO  mainLogger - >>>>> GM DB GS禁呼模块 初始启动完成 URL=ForbidCallGM.xml
0219 16:43:45.409 [ContainerBackgroundProcessor[StandardEngine[Catalina]]] INFO  mainLogger - >>>>> GM DB GM统计日志模块 初始启动完成 
0219 16:43:56.728 [http-apr-82-exec-7] INFO  mainLogger - ----------------------------------login filter allowed~
0219 16:43:56.750 [http-apr-82-exec-4] INFO  mainLogger - ----------------------------------login filter allowed~
0219 16:43:56.750 [http-apr-82-exec-8] INFO  mainLogger - ----------------------------------login filter allowed~
0219 16:43:59.269 [http-apr-82-exec-5] INFO  mainLogger - ----------------------------------login filter allowed~
0219 16:43:59.280 [http-apr-82-exec-6] INFO  mainLogger - ----------------------------------login filter allowed~
0219 16:43:59.280 [http-apr-82-exec-2] INFO  mainLogger - ----------------------------------login filter allowed~
0219 16:48:08.337 [http-apr-82-exec-12] INFO  mainLogger - ----------------------------------login filter allowed~
0219 16:49:17.465 [http-apr-82-exec-14] INFO  mainLogger - ----------------------------------login filter allowed~
0219 16:50:30.336 [http-apr-82-exec-16] INFO  mainLogger - ----------------------------------login filter allowed~
0219 16:50:55.736 [http-apr-82-exec-17] INFO  mainLogger - ----------------------------------login filter allowed~
0219 16:51:40.574 [http-apr-82-exec-9] INFO  mainLogger - ----------------------------------login filter allowed~
0219 16:51:41.366 [http-apr-82-exec-11] INFO  mainLogger - ----------------------------------login filter allowed~
0219 17:08:16.557 [ContainerBackgroundProcessor[StandardEngine[Catalina]]] INFO  mainLogger - ***********  开始初始化【DB】 ******************
0219 17:08:16.564 [ContainerBackgroundProcessor[StandardEngine[Catalina]]] INFO  mainLogger - >>>>> GM DB GM用户模块 初始启动完成 URL=GMAccount.xml
0219 17:08:16.564 [ContainerBackgroundProcessor[StandardEngine[Catalina]]] INFO  mainLogger - >>>>> GM DB GM操作日志模块 初始启动完成 URL=${webapp.root}/db/GSServer/GS_GSName/GMOperationLog/ Fri Feb 19 17:08:16 CST 2016
0219 17:08:16.567 [ContainerBackgroundProcessor[StandardEngine[Catalina]]] INFO  mainLogger - >>>>> GM DB GS聊天模块 初始启动完成 URL=${webapp.root}/db/GSServer/GS_GSName/GSChatLog/
0219 17:08:16.567 [ContainerBackgroundProcessor[StandardEngine[Catalina]]] INFO  mainLogger - >>>>> GM DB GS状态模块 初始启动完成
0219 17:08:16.567 [ContainerBackgroundProcessor[StandardEngine[Catalina]]] INFO  mainLogger - >>>>> GM DB GS公告模块 初始启动完成
0219 17:08:16.567 [ContainerBackgroundProcessor[StandardEngine[Catalina]]] INFO  mainLogger - >>>>> GM DB GS邮件模块 初始启动完成
0219 17:08:16.572 [ContainerBackgroundProcessor[StandardEngine[Catalina]]] INFO  mainLogger - >>>>> GM DB GS禁呼模块 初始启动完成 URL=ForbidCallGM.xml
0219 17:08:16.572 [ContainerBackgroundProcessor[StandardEngine[Catalina]]] INFO  mainLogger - >>>>> GM DB GM统计日志模块 初始启动完成 
0219 17:15:42.854 [ContainerBackgroundProcessor[StandardEngine[Catalina]]] INFO  mainLogger - ***********  开始初始化【DB】 ******************
0219 17:15:42.860 [ContainerBackgroundProcessor[StandardEngine[Catalina]]] INFO  mainLogger - >>>>> GM DB GM用户模块 初始启动完成 URL=GMAccount.xml
0219 17:15:42.861 [ContainerBackgroundProcessor[StandardEngine[Catalina]]] INFO  mainLogger - >>>>> GM DB GM操作日志模块 初始启动完成 URL=${webapp.root}/db/GSServer/GS_GSName/GMOperationLog/ Fri Feb 19 17:15:42 CST 2016
0219 17:15:42.863 [ContainerBackgroundProcessor[StandardEngine[Catalina]]] INFO  mainLogger - >>>>> GM DB GS聊天模块 初始启动完成 URL=${webapp.root}/db/GSServer/GS_GSName/GSChatLog/
0219 17:15:42.863 [ContainerBackgroundProcessor[StandardEngine[Catalina]]] INFO  mainLogger - >>>>> GM DB GS状态模块 初始启动完成
0219 17:15:42.863 [ContainerBackgroundProcessor[StandardEngine[Catalina]]] INFO  mainLogger - >>>>> GM DB GS公告模块 初始启动完成
0219 17:15:42.863 [ContainerBackgroundProcessor[StandardEngine[Catalina]]] INFO  mainLogger - >>>>> GM DB GS邮件模块 初始启动完成
0219 17:15:42.868 [ContainerBackgroundProcessor[StandardEngine[Catalina]]] INFO  mainLogger - >>>>> GM DB GS禁呼模块 初始启动完成 URL=ForbidCallGM.xml
0219 17:15:42.868 [ContainerBackgroundProcessor[StandardEngine[Catalina]]] INFO  mainLogger - >>>>> GM DB GM统计日志模块 初始启动完成 
0219 17:18:36.204 [http-apr-82-exec-9] INFO  mainLogger - ----------------------------------check login filter~
0219 17:18:49.889 [http-apr-82-exec-9] INFO  mainLogger - no mappedvalue!
0219 17:19:26.433 [http-apr-82-exec-27] INFO  mainLogger - ----------------------------------check login filter~
0219 17:19:26.734 [http-apr-82-exec-28] INFO  mainLogger - ----------------------------------check login filter~
0219 17:19:27.310 [http-apr-82-exec-27] INFO  mainLogger - no mappedvalue!
0219 17:19:28.350 [http-apr-82-exec-28] INFO  mainLogger - no mappedvalue!
0219 17:39:42.158 [http-apr-82-exec-30] INFO  mainLogger - ----------------------------------check login filter~
0219 17:39:46.794 [http-apr-82-exec-30] INFO  mainLogger - no mappedvalue!
0219 17:40:18.614 [http-apr-82-exec-27] INFO  mainLogger - ----------------------------------check login filter~
0219 17:40:18.921 [http-apr-82-exec-31] INFO  mainLogger - ----------------------------------check login filter~
0219 17:40:21.099 [http-apr-82-exec-27] INFO  mainLogger - no mappedvalue!
0219 17:41:12.953 [http-apr-82-exec-31] INFO  mainLogger - no mappedvalue!
0219 17:41:19.607 [http-apr-82-exec-32] INFO  mainLogger - ----------------------------------check login filter~
0219 17:41:23.787 [http-apr-82-exec-32] INFO  mainLogger - no mappedvalue!
0219 17:43:20.391 [http-apr-82-exec-33] INFO  mainLogger - ----------------------------------check login filter~
0219 17:43:24.419 [http-apr-82-exec-33] INFO  mainLogger - no mappedvalue!
0219 17:43:29.193 [http-apr-82-exec-35] INFO  mainLogger - ----------------------------------check login filter~
0219 17:43:30.152 [http-apr-82-exec-35] INFO  mainLogger - no mappedvalue!
0219 17:45:32.908 [http-apr-82-exec-29] INFO  mainLogger - ----------------------------------check login filter~
0219 17:45:37.088 [http-apr-82-exec-29] INFO  mainLogger - no mappedvalue!
0219 17:46:49.333 [http-apr-82-exec-26] INFO  mainLogger - ----------------------------------check login filter~
0219 17:46:49.339 [http-apr-82-exec-26] INFO  mainLogger - no mappedvalue!
0219 17:47:16.439 [http-apr-82-exec-28] INFO  mainLogger - ----------------------------------check login filter~
0219 17:47:16.439 [http-apr-82-exec-28] INFO  mainLogger - no mappedvalue!
0219 18:09:42.279 [http-apr-82-exec-31] INFO  mainLogger - ----------------------------------check login filter~
0219 18:09:42.280 [http-apr-82-exec-31] INFO  mainLogger - no mappedvalue!
0219 18:09:42.313 [http-apr-82-exec-32] INFO  mainLogger - ----------------------------------check login filter~
0219 18:09:42.313 [http-apr-82-exec-32] INFO  mainLogger - no mappedvalue!
0219 18:09:42.317 [http-apr-82-exec-34] INFO  mainLogger - ----------------------------------check login filter~
0219 18:09:42.317 [http-apr-82-exec-34] INFO  mainLogger - no mappedvalue!
0219 18:13:01.437 [localhost-startStop-1] INFO  mainLogger - ***********  开始初始化【DB】 ******************
0219 18:13:01.451 [localhost-startStop-1] INFO  mainLogger - >>>>> GM DB GM用户模块 初始启动完成 URL=GMAccount.xml
0219 18:13:01.452 [localhost-startStop-1] INFO  mainLogger - >>>>> GM DB GM操作日志模块 初始启动完成 URL=${webapp.root}/db/GSServer/GS_GSName/GMOperationLog/ Fri Feb 19 18:13:01 CST 2016
0219 18:13:01.460 [localhost-startStop-1] INFO  mainLogger - >>>>> GM DB GS聊天模块 初始启动完成 URL=${webapp.root}/db/GSServer/GS_GSName/GSChatLog/
0219 18:13:01.460 [localhost-startStop-1] INFO  mainLogger - >>>>> GM DB GS状态模块 初始启动完成
0219 18:13:01.461 [localhost-startStop-1] INFO  mainLogger - >>>>> GM DB GS公告模块 初始启动完成
0219 18:13:01.461 [localhost-startStop-1] INFO  mainLogger - >>>>> GM DB GS邮件模块 初始启动完成
0219 18:13:01.464 [localhost-startStop-1] INFO  mainLogger - >>>>> GM DB GS禁呼模块 初始启动完成 URL=ForbidCallGM.xml
0219 18:13:01.464 [localhost-startStop-1] INFO  mainLogger - >>>>> GM DB GM统计日志模块 初始启动完成 
0219 18:13:23.269 [http-apr-82-exec-4] INFO  mainLogger - ----------------------------------check login filter~
0219 18:13:23.271 [http-apr-82-exec-4] INFO  mainLogger - no mappedvalue!
0219 18:17:22.204 [http-apr-82-exec-5] INFO  mainLogger - ----------------------------------check login filter~
0219 18:17:22.204 [http-apr-82-exec-5] INFO  mainLogger - no mappedvalue!
0219 18:17:24.623 [http-apr-82-exec-6] INFO  mainLogger - ----------------------------------check login filter~
0219 18:17:24.624 [http-apr-82-exec-6] INFO  mainLogger - no mappedvalue!
0219 18:21:01.476 [http-apr-82-exec-4] INFO  mainLogger - ----------------------------------check login filter~
0219 18:21:01.476 [http-apr-82-exec-4] INFO  mainLogger - no mappedvalue!
0219 18:21:01.483 [http-apr-82-exec-5] INFO  mainLogger - ----------------------------------check login filter~
0219 18:21:01.483 [http-apr-82-exec-5] INFO  mainLogger - no mappedvalue!
0219 18:21:01.492 [http-apr-82-exec-7] INFO  mainLogger - ----------------------------------check login filter~
0219 18:21:01.492 [http-apr-82-exec-7] INFO  mainLogger - no mappedvalue!
0219 18:28:56.328 [http-apr-82-exec-4] INFO  mainLogger - ----------------------------------check login filter~
0219 18:28:56.329 [http-apr-82-exec-4] INFO  mainLogger - no mappedvalue!
0219 18:29:43.655 [http-apr-82-exec-6] INFO  mainLogger - ----------------------------------check login filter~
0219 18:29:43.655 [http-apr-82-exec-6] INFO  mainLogger - no mappedvalue!
0219 18:30:42.748 [http-apr-82-exec-10] INFO  mainLogger - ----------------------------------check login filter~
0219 18:30:42.749 [http-apr-82-exec-10] INFO  mainLogger - no mappedvalue!
0219 19:54:28.658 [ContainerBackgroundProcessor[StandardEngine[Catalina]]] INFO  mainLogger - ***********  开始初始化【DB】 ******************
0219 19:54:28.679 [ContainerBackgroundProcessor[StandardEngine[Catalina]]] INFO  mainLogger - >>>>> GM DB GM用户模块 初始启动完成 URL=GMAccount.xml
0219 19:54:28.679 [ContainerBackgroundProcessor[StandardEngine[Catalina]]] INFO  mainLogger - >>>>> GM DB GM操作日志模块 初始启动完成 URL=${webapp.root}/db/GSServer/GS_GSName/GMOperationLog/ Fri Feb 19 19:54:28 CST 2016
0219 19:54:28.684 [ContainerBackgroundProcessor[StandardEngine[Catalina]]] INFO  mainLogger - >>>>> GM DB GS聊天模块 初始启动完成 URL=${webapp.root}/db/GSServer/GS_GSName/GSChatLog/
0219 19:54:28.684 [ContainerBackgroundProcessor[StandardEngine[Catalina]]] INFO  mainLogger - >>>>> GM DB GS状态模块 初始启动完成
0219 19:54:28.684 [ContainerBackgroundProcessor[StandardEngine[Catalina]]] INFO  mainLogger - >>>>> GM DB GS公告模块 初始启动完成
0219 19:54:28.685 [ContainerBackgroundProcessor[StandardEngine[Catalina]]] INFO  mainLogger - >>>>> GM DB GS邮件模块 初始启动完成
0219 19:54:28.689 [ContainerBackgroundProcessor[StandardEngine[Catalina]]] INFO  mainLogger - >>>>> GM DB GS禁呼模块 初始启动完成 URL=ForbidCallGM.xml
0219 19:54:28.690 [ContainerBackgroundProcessor[StandardEngine[Catalina]]] INFO  mainLogger - >>>>> GM DB GM统计日志模块 初始启动完成 
